2024-02-05 14:41:00.190 [main] INFO  org.springframework.test.context.support.AnnotationConfigContextLoaderUtils - Could not detect default configuration classes for test class [it.fides.val_training_spring.ValTrainingSpringApplicationTests]: ValTrainingSpringApplicationTests does not declare any static, non-private, non-final, nested classes annotated with @Configuration.
2024-02-05 14:41:00.350 [main] INFO  org.springframework.boot.test.context.SpringBootTestContextBootstrapper - Found @SpringBootConfiguration it.fides.val_training_spring.ValTrainingSpringApplication for test class it.fides.val_training_spring.ValTrainingSpringApplicationTests
2024-02-05 14:41:00.846 [main] INFO  it.fides.val_training_spring.ValTrainingSpringApplicationTests - Starting ValTrainingSpringApplicationTests using Java 17.0.10 with PID 18248 (started by tommi in C:\Users\tommi\Documents\val_training_spring)
2024-02-05 14:41:00.861 [main] INFO  it.fides.val_training_spring.ValTrainingSpringApplicationTests - No active profile set, falling back to 1 default profile: "default"
2024-02-05 14:41:01.803 [main] INFO  org.springframework.data.repository.config.RepositoryConfigurationDelegate - Bootstrapping Spring Data JPA repositories in DEFAULT mode.
2024-02-05 14:41:01.903 [main] INFO  org.springframework.data.repository.config.RepositoryConfigurationDelegate - Finished Spring Data repository scanning in 85 ms. Found 7 JPA repository interfaces.
2024-02-05 14:41:02.688 [main] INFO  org.hibernate.jpa.internal.util.LogHelper - HHH000204: Processing PersistenceUnitInfo [name: default]
2024-02-05 14:41:02.781 [main] INFO  org.hibernate.Version - HHH000412: Hibernate ORM core version 6.4.1.Final
2024-02-05 14:41:02.832 [main] INFO  org.hibernate.cache.internal.RegionFactoryInitiator - HHH000026: Second-level cache disabled
2024-02-05 14:41:03.215 [main] INFO  org.springframework.orm.jpa.persistenceunit.SpringPersistenceUnitInfo - No LoadTimeWeaver setup: ignoring JPA class transformer
2024-02-05 14:41:03.266 [main] INFO  com.zaxxer.hikari.HikariDataSource - HikariPool-1 - Starting...
2024-02-05 14:41:03.751 [main] INFO  com.zaxxer.hikari.pool.HikariPool - HikariPool-1 - Added connection com.mysql.cj.jdbc.ConnectionImpl@4f552aa2
2024-02-05 14:41:03.754 [main] INFO  com.zaxxer.hikari.HikariDataSource - HikariPool-1 - Start completed.
2024-02-05 14:41:05.154 [main] INFO  org.hibernate.engine.transaction.jta.platform.internal.JtaPlatformInitiator - HHH000489: No JTA platform available (set 'hibernate.transaction.jta.platform' to enable JTA platform integration)
2024-02-05 14:41:05.301 [main] INFO  org.springframework.orm.jpa.LocalContainerEntityManagerFactoryBean - Initialized JPA EntityManagerFactory for persistence unit 'default'
2024-02-05 14:41:05.768 [main] INFO  org.springframework.data.jpa.repository.query.QueryEnhancerFactory - Hibernate is in classpath; If applicable, HQL parser will be used.
2024-02-05 14:41:06.547 [main] WARN  org.springframework.boot.autoconfigure.orm.jpa.JpaBaseConfiguration$JpaWebConfiguration - spring.jpa.open-in-view is enabled by default. Therefore, database queries may be performed during view rendering. Explicitly configure spring.jpa.open-in-view to disable this warning
2024-02-05 14:41:07.314 [main] INFO  it.fides.val_training_spring.ValTrainingSpringApplicationTests - Started ValTrainingSpringApplicationTests in 6.765 seconds (process running for 8.591)
2024-02-05 14:41:08.109 [SpringApplicationShutdownHook] INFO  org.springframework.orm.jpa.LocalContainerEntityManagerFactoryBean - Closing JPA EntityManagerFactory for persistence unit 'default'
2024-02-05 14:41:08.113 [SpringApplicationShutdownHook] INFO  com.zaxxer.hikari.HikariDataSource - HikariPool-1 - Shutdown initiated...
2024-02-05 14:41:08.124 [SpringApplicationShutdownHook] INFO  com.zaxxer.hikari.HikariDataSource - HikariPool-1 - Shutdown completed.
2024-02-05 14:41:39.942 [main] INFO  it.fides.val_training_spring.ValTrainingSpringApplication - Starting ValTrainingSpringApplication using Java 17.0.10 with PID 5172 (C:\Users\tommi\Documents\val_training_spring\target\classes started by tommi in C:\Users\tommi\Documents\val_training_spring)
2024-02-05 14:41:39.959 [main] INFO  it.fides.val_training_spring.ValTrainingSpringApplication - No active profile set, falling back to 1 default profile: "default"
2024-02-05 14:41:40.929 [main] INFO  org.springframework.data.repository.config.RepositoryConfigurationDelegate - Bootstrapping Spring Data JPA repositories in DEFAULT mode.
2024-02-05 14:41:41.049 [main] INFO  org.springframework.data.repository.config.RepositoryConfigurationDelegate - Finished Spring Data repository scanning in 101 ms. Found 7 JPA repository interfaces.
2024-02-05 14:41:42.053 [main] INFO  org.springframework.boot.web.embedded.tomcat.TomcatWebServer - Tomcat initialized with port 9090 (http)
2024-02-05 14:41:42.069 [main] INFO  org.apache.coyote.http11.Http11NioProtocol - Initializing ProtocolHandler ["http-nio-9090"]
2024-02-05 14:41:42.073 [main] INFO  org.apache.catalina.core.StandardService - Starting service [Tomcat]
2024-02-05 14:41:42.074 [main] INFO  org.apache.catalina.core.StandardEngine - Starting Servlet engine: [Apache Tomcat/10.1.18]
2024-02-05 14:41:42.178 [main] INFO  org.apache.catalina.core.ContainerBase.[Tomcat].[localhost].[/] - Initializing Spring embedded WebApplicationContext
2024-02-05 14:41:42.189 [main] INFO  org.springframework.boot.web.servlet.context.ServletWebServerApplicationContext - Root WebApplicationContext: initialization completed in 2148 ms
2024-02-05 14:41:42.491 [main] INFO  org.hibernate.jpa.internal.util.LogHelper - HHH000204: Processing PersistenceUnitInfo [name: default]
2024-02-05 14:41:42.593 [main] INFO  org.hibernate.Version - HHH000412: Hibernate ORM core version 6.4.1.Final
2024-02-05 14:41:42.664 [main] INFO  org.hibernate.cache.internal.RegionFactoryInitiator - HHH000026: Second-level cache disabled
2024-02-05 14:41:42.971 [main] INFO  org.springframework.orm.jpa.persistenceunit.SpringPersistenceUnitInfo - No LoadTimeWeaver setup: ignoring JPA class transformer
2024-02-05 14:41:43.025 [main] INFO  com.zaxxer.hikari.HikariDataSource - HikariPool-1 - Starting...
2024-02-05 14:41:43.476 [main] INFO  com.zaxxer.hikari.pool.HikariPool - HikariPool-1 - Added connection com.mysql.cj.jdbc.ConnectionImpl@702b656a
2024-02-05 14:41:43.478 [main] INFO  com.zaxxer.hikari.HikariDataSource - HikariPool-1 - Start completed.
2024-02-05 14:41:44.948 [main] INFO  org.hibernate.engine.transaction.jta.platform.internal.JtaPlatformInitiator - HHH000489: No JTA platform available (set 'hibernate.transaction.jta.platform' to enable JTA platform integration)
2024-02-05 14:41:45.091 [main] INFO  org.springframework.orm.jpa.LocalContainerEntityManagerFactoryBean - Initialized JPA EntityManagerFactory for persistence unit 'default'
2024-02-05 14:41:45.549 [main] INFO  org.springframework.data.jpa.repository.query.QueryEnhancerFactory - Hibernate is in classpath; If applicable, HQL parser will be used.
2024-02-05 14:41:46.149 [main] WARN  org.springframework.boot.autoconfigure.orm.jpa.JpaBaseConfiguration$JpaWebConfiguration - spring.jpa.open-in-view is enabled by default. Therefore, database queries may be performed during view rendering. Explicitly configure spring.jpa.open-in-view to disable this warning
2024-02-05 14:41:46.794 [main] INFO  org.apache.coyote.http11.Http11NioProtocol - Starting ProtocolHandler ["http-nio-9090"]
2024-02-05 14:41:46.807 [main] WARN  org.springframework.boot.web.servlet.context.AnnotationConfigServletWebServerApplicationContext - Exception encountered during context initialization - cancelling refresh attempt: org.springframework.context.ApplicationContextException: Failed to start bean 'webServerStartStop'
2024-02-05 14:41:46.808 [main] INFO  org.springframework.orm.jpa.LocalContainerEntityManagerFactoryBean - Closing JPA EntityManagerFactory for persistence unit 'default'
2024-02-05 14:41:46.811 [main] INFO  com.zaxxer.hikari.HikariDataSource - HikariPool-1 - Shutdown initiated...
2024-02-05 14:41:46.828 [main] INFO  com.zaxxer.hikari.HikariDataSource - HikariPool-1 - Shutdown completed.
2024-02-05 14:41:46.843 [main] INFO  org.springframework.boot.autoconfigure.logging.ConditionEvaluationReportLogger - 

Error starting ApplicationContext. To display the condition evaluation report re-run your application with 'debug' enabled.
2024-02-05 14:41:46.870 [main] ERROR org.springframework.boot.diagnostics.LoggingFailureAnalysisReporter - 

***************************
APPLICATION FAILED TO START
***************************

Description:

Web server failed to start. Port 9090 was already in use.

Action:

Identify and stop the process that's listening on port 9090 or configure this application to listen on another port.

2024-02-05 14:43:02.954 [main] INFO  org.springframework.test.context.support.AnnotationConfigContextLoaderUtils - Could not detect default configuration classes for test class [it.fides.val_training_spring.ValTrainingSpringApplicationTests]: ValTrainingSpringApplicationTests does not declare any static, non-private, non-final, nested classes annotated with @Configuration.
2024-02-05 14:43:03.108 [main] INFO  org.springframework.boot.test.context.SpringBootTestContextBootstrapper - Found @SpringBootConfiguration it.fides.val_training_spring.ValTrainingSpringApplication for test class it.fides.val_training_spring.ValTrainingSpringApplicationTests
2024-02-05 14:43:03.576 [main] INFO  it.fides.val_training_spring.ValTrainingSpringApplicationTests - Starting ValTrainingSpringApplicationTests using Java 17.0.10 with PID 6964 (started by tommi in C:\Users\tommi\Documents\val_training_spring)
2024-02-05 14:43:03.582 [main] INFO  it.fides.val_training_spring.ValTrainingSpringApplicationTests - No active profile set, falling back to 1 default profile: "default"
2024-02-05 14:43:04.535 [main] INFO  org.springframework.data.repository.config.RepositoryConfigurationDelegate - Bootstrapping Spring Data JPA repositories in DEFAULT mode.
2024-02-05 14:43:04.636 [main] INFO  org.springframework.data.repository.config.RepositoryConfigurationDelegate - Finished Spring Data repository scanning in 91 ms. Found 7 JPA repository interfaces.
2024-02-05 14:43:05.425 [main] INFO  org.hibernate.jpa.internal.util.LogHelper - HHH000204: Processing PersistenceUnitInfo [name: default]
2024-02-05 14:43:05.548 [main] INFO  org.hibernate.Version - HHH000412: Hibernate ORM core version 6.4.1.Final
2024-02-05 14:43:05.596 [main] INFO  org.hibernate.cache.internal.RegionFactoryInitiator - HHH000026: Second-level cache disabled
2024-02-05 14:43:05.995 [main] INFO  org.springframework.orm.jpa.persistenceunit.SpringPersistenceUnitInfo - No LoadTimeWeaver setup: ignoring JPA class transformer
2024-02-05 14:43:06.059 [main] INFO  com.zaxxer.hikari.HikariDataSource - HikariPool-1 - Starting...
2024-02-05 14:43:06.465 [main] INFO  com.zaxxer.hikari.pool.HikariPool - HikariPool-1 - Added connection com.mysql.cj.jdbc.ConnectionImpl@38cf4497
2024-02-05 14:43:06.468 [main] INFO  com.zaxxer.hikari.HikariDataSource - HikariPool-1 - Start completed.
2024-02-05 14:43:07.819 [main] INFO  org.hibernate.engine.transaction.jta.platform.internal.JtaPlatformInitiator - HHH000489: No JTA platform available (set 'hibernate.transaction.jta.platform' to enable JTA platform integration)
2024-02-05 14:43:07.945 [main] INFO  org.springframework.orm.jpa.LocalContainerEntityManagerFactoryBean - Initialized JPA EntityManagerFactory for persistence unit 'default'
2024-02-05 14:43:08.378 [main] INFO  org.springframework.data.jpa.repository.query.QueryEnhancerFactory - Hibernate is in classpath; If applicable, HQL parser will be used.
2024-02-05 14:43:09.125 [main] WARN  org.springframework.boot.autoconfigure.orm.jpa.JpaBaseConfiguration$JpaWebConfiguration - spring.jpa.open-in-view is enabled by default. Therefore, database queries may be performed during view rendering. Explicitly configure spring.jpa.open-in-view to disable this warning
2024-02-05 14:43:09.876 [main] INFO  it.fides.val_training_spring.ValTrainingSpringApplicationTests - Started ValTrainingSpringApplicationTests in 6.582 seconds (process running for 8.304)
2024-02-05 14:43:10.574 [SpringApplicationShutdownHook] INFO  org.springframework.orm.jpa.LocalContainerEntityManagerFactoryBean - Closing JPA EntityManagerFactory for persistence unit 'default'
2024-02-05 14:43:10.577 [SpringApplicationShutdownHook] INFO  com.zaxxer.hikari.HikariDataSource - HikariPool-1 - Shutdown initiated...
2024-02-05 14:43:10.594 [SpringApplicationShutdownHook] INFO  com.zaxxer.hikari.HikariDataSource - HikariPool-1 - Shutdown completed.
2024-02-05 14:43:39.632 [main] INFO  it.fides.val_training_spring.ValTrainingSpringApplication - Starting ValTrainingSpringApplication using Java 17.0.10 with PID 13604 (C:\Users\tommi\Documents\val_training_spring\target\classes started by tommi in C:\Users\tommi\Documents\val_training_spring)
2024-02-05 14:43:39.652 [main] INFO  it.fides.val_training_spring.ValTrainingSpringApplication - No active profile set, falling back to 1 default profile: "default"
2024-02-05 14:43:40.618 [main] INFO  org.springframework.data.repository.config.RepositoryConfigurationDelegate - Bootstrapping Spring Data JPA repositories in DEFAULT mode.
2024-02-05 14:43:40.758 [main] INFO  org.springframework.data.repository.config.RepositoryConfigurationDelegate - Finished Spring Data repository scanning in 122 ms. Found 7 JPA repository interfaces.
2024-02-05 14:43:41.762 [main] INFO  org.springframework.boot.web.embedded.tomcat.TomcatWebServer - Tomcat initialized with port 9090 (http)
2024-02-05 14:43:41.787 [main] INFO  org.apache.coyote.http11.Http11NioProtocol - Initializing ProtocolHandler ["http-nio-9090"]
2024-02-05 14:43:41.793 [main] INFO  org.apache.catalina.core.StandardService - Starting service [Tomcat]
2024-02-05 14:43:41.793 [main] INFO  org.apache.catalina.core.StandardEngine - Starting Servlet engine: [Apache Tomcat/10.1.18]
2024-02-05 14:43:41.880 [main] INFO  org.apache.catalina.core.ContainerBase.[Tomcat].[localhost].[/] - Initializing Spring embedded WebApplicationContext
2024-02-05 14:43:41.884 [main] INFO  org.springframework.boot.web.servlet.context.ServletWebServerApplicationContext - Root WebApplicationContext: initialization completed in 2158 ms
2024-02-05 14:43:42.174 [main] INFO  org.hibernate.jpa.internal.util.LogHelper - HHH000204: Processing PersistenceUnitInfo [name: default]
2024-02-05 14:43:42.264 [main] INFO  org.hibernate.Version - HHH000412: Hibernate ORM core version 6.4.1.Final
2024-02-05 14:43:42.336 [main] INFO  org.hibernate.cache.internal.RegionFactoryInitiator - HHH000026: Second-level cache disabled
2024-02-05 14:43:42.636 [main] INFO  org.springframework.orm.jpa.persistenceunit.SpringPersistenceUnitInfo - No LoadTimeWeaver setup: ignoring JPA class transformer
2024-02-05 14:43:42.684 [main] INFO  com.zaxxer.hikari.HikariDataSource - HikariPool-1 - Starting...
2024-02-05 14:43:43.048 [main] INFO  com.zaxxer.hikari.pool.HikariPool - HikariPool-1 - Added connection com.mysql.cj.jdbc.ConnectionImpl@c4551c6
2024-02-05 14:43:43.051 [main] INFO  com.zaxxer.hikari.HikariDataSource - HikariPool-1 - Start completed.
2024-02-05 14:43:44.470 [main] INFO  org.hibernate.engine.transaction.jta.platform.internal.JtaPlatformInitiator - HHH000489: No JTA platform available (set 'hibernate.transaction.jta.platform' to enable JTA platform integration)
2024-02-05 14:43:44.617 [main] INFO  org.springframework.orm.jpa.LocalContainerEntityManagerFactoryBean - Initialized JPA EntityManagerFactory for persistence unit 'default'
2024-02-05 14:43:45.066 [main] INFO  org.springframework.data.jpa.repository.query.QueryEnhancerFactory - Hibernate is in classpath; If applicable, HQL parser will be used.
2024-02-05 14:43:45.638 [main] WARN  org.springframework.boot.autoconfigure.orm.jpa.JpaBaseConfiguration$JpaWebConfiguration - spring.jpa.open-in-view is enabled by default. Therefore, database queries may be performed during view rendering. Explicitly configure spring.jpa.open-in-view to disable this warning
2024-02-05 14:43:46.307 [main] INFO  org.apache.coyote.http11.Http11NioProtocol - Starting ProtocolHandler ["http-nio-9090"]
2024-02-05 14:43:46.345 [main] INFO  org.springframework.boot.web.embedded.tomcat.TomcatWebServer - Tomcat started on port 9090 (http) with context path ''
2024-02-05 14:43:46.360 [main] INFO  it.fides.val_training_spring.ValTrainingSpringApplication - Started ValTrainingSpringApplication in 7.25 seconds (process running for 8.311)
2024-02-05 14:44:09.066 [http-nio-9090-exec-2] INFO  org.apache.catalina.core.ContainerBase.[Tomcat].[localhost].[/] - Initializing Spring DispatcherServlet 'dispatcherServlet'
2024-02-05 14:44:09.066 [http-nio-9090-exec-2] INFO  org.springframework.web.servlet.DispatcherServlet - Initializing Servlet 'dispatcherServlet'
2024-02-05 14:44:09.068 [http-nio-9090-exec-2] INFO  org.springframework.web.servlet.DispatcherServlet - Completed initialization in 1 ms
2024-02-05 14:44:09.109 [http-nio-9090-exec-2] INFO  it.fides.val_training_spring.models.entities.UtenteEntity - Informazione dal controller
2024-02-05 14:44:09.109 [http-nio-9090-exec-2] INFO  it.fides.val_training_spring.models.entities.UtenteEntity - Informazione dal service
2024-02-05 14:44:09.239 [http-nio-9090-exec-2] WARN  it.fides.val_training_spring.models.entities.UtenteEntity - Test warn logger
2024-02-05 14:44:09.254 [http-nio-9090-exec-2] INFO  it.fides.val_training_spring.models.entities.UtenteEntity - Utenti: [UtenteEntity [idUtente=1, nomeUtente=mario, cognomeUtente=rossi, emailUtente=mario@mail.it, passwordUtente=1234, informazioniGeneraliUtente=info, dataCreazioneUtente=2024-02-05T11:30, dataModificaUtente=2024-02-05T11:30, flgCancellato=false, ruolo=RuoloEntity [idRuolo=1, nomeRuolo=dipendente], gruppi=[]]]
2024-02-05 14:44:29.537 [http-nio-9090-exec-4] INFO  it.fides.val_training_spring.models.entities.UtenteEntity - Informazione dal controller
2024-02-05 14:44:29.538 [http-nio-9090-exec-4] INFO  it.fides.val_training_spring.models.entities.UtenteEntity - Informazione dal service
2024-02-05 14:44:29.546 [http-nio-9090-exec-4] WARN  it.fides.val_training_spring.models.entities.UtenteEntity - Test warn logger
2024-02-05 14:44:29.548 [http-nio-9090-exec-4] INFO  it.fides.val_training_spring.models.entities.UtenteEntity - Utenti: [UtenteEntity [idUtente=1, nomeUtente=mario, cognomeUtente=rossi, emailUtente=mario@mail.it, passwordUtente=1234, informazioniGeneraliUtente=info, dataCreazioneUtente=2024-02-05T11:30, dataModificaUtente=2024-02-05T11:30, flgCancellato=false, ruolo=RuoloEntity [idRuolo=1, nomeRuolo=dipendente], gruppi=[]]]
2024-02-05 14:44:30.730 [http-nio-9090-exec-5] INFO  it.fides.val_training_spring.models.entities.UtenteEntity - Informazione dal controller
2024-02-05 14:44:30.731 [http-nio-9090-exec-5] INFO  it.fides.val_training_spring.models.entities.UtenteEntity - Informazione dal service
2024-02-05 14:44:30.746 [http-nio-9090-exec-5] WARN  it.fides.val_training_spring.models.entities.UtenteEntity - Test warn logger
2024-02-05 14:44:30.750 [http-nio-9090-exec-5] INFO  it.fides.val_training_spring.models.entities.UtenteEntity - Utenti: [UtenteEntity [idUtente=1, nomeUtente=mario, cognomeUtente=rossi, emailUtente=mario@mail.it, passwordUtente=1234, informazioniGeneraliUtente=info, dataCreazioneUtente=2024-02-05T11:30, dataModificaUtente=2024-02-05T11:30, flgCancellato=false, ruolo=RuoloEntity [idRuolo=1, nomeRuolo=dipendente], gruppi=[]]]
2024-02-05 15:12:53.960 [main] INFO  it.fides.val_training_spring.ValTrainingSpringApplication - Starting ValTrainingSpringApplication using Java 17.0.10 with PID 10172 (C:\Users\tommi\Documents\val_training_spring\target\classes started by tommi in C:\Users\tommi\Documents\val_training_spring)
2024-02-05 15:12:53.986 [main] INFO  it.fides.val_training_spring.ValTrainingSpringApplication - No active profile set, falling back to 1 default profile: "default"
2024-02-05 15:12:55.098 [main] INFO  org.springframework.data.repository.config.RepositoryConfigurationDelegate - Bootstrapping Spring Data JPA repositories in DEFAULT mode.
2024-02-05 15:12:55.274 [main] INFO  org.springframework.data.repository.config.RepositoryConfigurationDelegate - Finished Spring Data repository scanning in 151 ms. Found 7 JPA repository interfaces.
2024-02-05 15:12:56.391 [main] INFO  org.springframework.boot.web.embedded.tomcat.TomcatWebServer - Tomcat initialized with port 9090 (http)
2024-02-05 15:12:56.419 [main] INFO  org.apache.coyote.http11.Http11NioProtocol - Initializing ProtocolHandler ["http-nio-9090"]
2024-02-05 15:12:56.424 [main] INFO  org.apache.catalina.core.StandardService - Starting service [Tomcat]
2024-02-05 15:12:56.425 [main] INFO  org.apache.catalina.core.StandardEngine - Starting Servlet engine: [Apache Tomcat/10.1.18]
2024-02-05 15:12:56.555 [main] INFO  org.apache.catalina.core.ContainerBase.[Tomcat].[localhost].[/] - Initializing Spring embedded WebApplicationContext
2024-02-05 15:12:56.560 [main] INFO  org.springframework.boot.web.servlet.context.ServletWebServerApplicationContext - Root WebApplicationContext: initialization completed in 2499 ms
2024-02-05 15:12:56.901 [main] INFO  org.hibernate.jpa.internal.util.LogHelper - HHH000204: Processing PersistenceUnitInfo [name: default]
2024-02-05 15:12:57.025 [main] INFO  org.hibernate.Version - HHH000412: Hibernate ORM core version 6.4.1.Final
2024-02-05 15:12:57.112 [main] INFO  org.hibernate.cache.internal.RegionFactoryInitiator - HHH000026: Second-level cache disabled
2024-02-05 15:12:57.632 [main] INFO  org.springframework.orm.jpa.persistenceunit.SpringPersistenceUnitInfo - No LoadTimeWeaver setup: ignoring JPA class transformer
2024-02-05 15:12:57.705 [main] INFO  com.zaxxer.hikari.HikariDataSource - HikariPool-1 - Starting...
2024-02-05 15:12:58.294 [main] INFO  com.zaxxer.hikari.pool.HikariPool - HikariPool-1 - Added connection com.mysql.cj.jdbc.ConnectionImpl@39f4a7c4
2024-02-05 15:12:58.297 [main] INFO  com.zaxxer.hikari.HikariDataSource - HikariPool-1 - Start completed.
2024-02-05 15:13:00.085 [main] INFO  org.hibernate.engine.transaction.jta.platform.internal.JtaPlatformInitiator - HHH000489: No JTA platform available (set 'hibernate.transaction.jta.platform' to enable JTA platform integration)
2024-02-05 15:13:00.249 [main] INFO  org.springframework.orm.jpa.LocalContainerEntityManagerFactoryBean - Initialized JPA EntityManagerFactory for persistence unit 'default'
2024-02-05 15:13:00.760 [main] INFO  org.springframework.data.jpa.repository.query.QueryEnhancerFactory - Hibernate is in classpath; If applicable, HQL parser will be used.
2024-02-05 15:13:01.350 [main] WARN  org.springframework.boot.autoconfigure.orm.jpa.JpaBaseConfiguration$JpaWebConfiguration - spring.jpa.open-in-view is enabled by default. Therefore, database queries may be performed during view rendering. Explicitly configure spring.jpa.open-in-view to disable this warning
2024-02-05 15:13:02.117 [main] INFO  org.apache.coyote.http11.Http11NioProtocol - Starting ProtocolHandler ["http-nio-9090"]
2024-02-05 15:13:02.162 [main] INFO  org.springframework.boot.web.embedded.tomcat.TomcatWebServer - Tomcat started on port 9090 (http) with context path ''
2024-02-05 15:13:02.182 [main] INFO  it.fides.val_training_spring.ValTrainingSpringApplication - Started ValTrainingSpringApplication in 8.795 seconds (process running for 10.156)
2024-02-05 15:13:16.072 [http-nio-9090-exec-1] INFO  org.apache.catalina.core.ContainerBase.[Tomcat].[localhost].[/] - Initializing Spring DispatcherServlet 'dispatcherServlet'
2024-02-05 15:13:16.073 [http-nio-9090-exec-1] INFO  org.springframework.web.servlet.DispatcherServlet - Initializing Servlet 'dispatcherServlet'
2024-02-05 15:13:16.076 [http-nio-9090-exec-1] INFO  org.springframework.web.servlet.DispatcherServlet - Completed initialization in 3 ms
2024-02-05 15:13:16.500 [http-nio-9090-exec-1] INFO  it.fides.val_training_spring.models.entities.UtenteEntity - Utenti: [UtenteEntity [idUtente=1, nomeUtente=mario, cognomeUtente=rossi, emailUtente=mario@mail.it, passwordUtente=1234, informazioniGeneraliUtente=info, dataCreazioneUtente=2024-02-05T11:30, dataModificaUtente=2024-02-05T11:30, flgCancellato=false, ruolo=RuoloEntity [idRuolo=1, nomeRuolo=dipendente], gruppi=[]]]
2024-02-05 15:21:17.073 [main] INFO  org.springframework.test.context.support.AnnotationConfigContextLoaderUtils - Could not detect default configuration classes for test class [it.fides.val_training_spring.ValTrainingSpringApplicationTests]: ValTrainingSpringApplicationTests does not declare any static, non-private, non-final, nested classes annotated with @Configuration.
2024-02-05 15:21:17.247 [main] INFO  org.springframework.boot.test.context.SpringBootTestContextBootstrapper - Found @SpringBootConfiguration it.fides.val_training_spring.ValTrainingSpringApplication for test class it.fides.val_training_spring.ValTrainingSpringApplicationTests
2024-02-05 15:21:17.883 [main] INFO  it.fides.val_training_spring.ValTrainingSpringApplicationTests - Starting ValTrainingSpringApplicationTests using Java 17.0.10 with PID 7124 (started by tommi in C:\Users\tommi\Documents\val_training_spring)
2024-02-05 15:21:17.891 [main] INFO  it.fides.val_training_spring.ValTrainingSpringApplicationTests - No active profile set, falling back to 1 default profile: "default"
2024-02-05 15:21:18.917 [main] INFO  org.springframework.data.repository.config.RepositoryConfigurationDelegate - Bootstrapping Spring Data JPA repositories in DEFAULT mode.
2024-02-05 15:21:19.045 [main] INFO  org.springframework.data.repository.config.RepositoryConfigurationDelegate - Finished Spring Data repository scanning in 113 ms. Found 7 JPA repository interfaces.
2024-02-05 15:21:19.918 [main] INFO  org.hibernate.jpa.internal.util.LogHelper - HHH000204: Processing PersistenceUnitInfo [name: default]
2024-02-05 15:21:20.044 [main] INFO  org.hibernate.Version - HHH000412: Hibernate ORM core version 6.4.1.Final
2024-02-05 15:21:20.107 [main] INFO  org.hibernate.cache.internal.RegionFactoryInitiator - HHH000026: Second-level cache disabled
2024-02-05 15:21:20.656 [main] INFO  org.springframework.orm.jpa.persistenceunit.SpringPersistenceUnitInfo - No LoadTimeWeaver setup: ignoring JPA class transformer
2024-02-05 15:21:20.722 [main] INFO  com.zaxxer.hikari.HikariDataSource - HikariPool-1 - Starting...
2024-02-05 15:21:21.317 [main] INFO  com.zaxxer.hikari.pool.HikariPool - HikariPool-1 - Added connection com.mysql.cj.jdbc.ConnectionImpl@131d977f
2024-02-05 15:21:21.320 [main] INFO  com.zaxxer.hikari.HikariDataSource - HikariPool-1 - Start completed.
2024-02-05 15:21:23.045 [main] INFO  org.hibernate.engine.transaction.jta.platform.internal.JtaPlatformInitiator - HHH000489: No JTA platform available (set 'hibernate.transaction.jta.platform' to enable JTA platform integration)
2024-02-05 15:21:23.211 [main] INFO  org.springframework.orm.jpa.LocalContainerEntityManagerFactoryBean - Initialized JPA EntityManagerFactory for persistence unit 'default'
2024-02-05 15:21:23.747 [main] INFO  org.springframework.data.jpa.repository.query.QueryEnhancerFactory - Hibernate is in classpath; If applicable, HQL parser will be used.
2024-02-05 15:21:24.643 [main] WARN  org.springframework.boot.autoconfigure.orm.jpa.JpaBaseConfiguration$JpaWebConfiguration - spring.jpa.open-in-view is enabled by default. Therefore, database queries may be performed during view rendering. Explicitly configure spring.jpa.open-in-view to disable this warning
2024-02-05 15:21:25.531 [main] INFO  it.fides.val_training_spring.ValTrainingSpringApplicationTests - Started ValTrainingSpringApplicationTests in 8.056 seconds (process running for 10.116)
2024-02-05 15:21:26.444 [SpringApplicationShutdownHook] INFO  org.springframework.orm.jpa.LocalContainerEntityManagerFactoryBean - Closing JPA EntityManagerFactory for persistence unit 'default'
2024-02-05 15:21:26.450 [SpringApplicationShutdownHook] INFO  com.zaxxer.hikari.HikariDataSource - HikariPool-1 - Shutdown initiated...
2024-02-05 15:21:26.463 [SpringApplicationShutdownHook] INFO  com.zaxxer.hikari.HikariDataSource - HikariPool-1 - Shutdown completed.
2024-02-05 15:21:36.408 [main] INFO  it.fides.val_training_spring.ValTrainingSpringApplication - Starting ValTrainingSpringApplication using Java 17.0.10 with PID 18808 (C:\Users\tommi\Documents\val_training_spring\target\classes started by tommi in C:\Users\tommi\Documents\val_training_spring)
2024-02-05 15:21:36.425 [main] INFO  it.fides.val_training_spring.ValTrainingSpringApplication - No active profile set, falling back to 1 default profile: "default"
2024-02-05 15:21:37.587 [main] INFO  org.springframework.data.repository.config.RepositoryConfigurationDelegate - Bootstrapping Spring Data JPA repositories in DEFAULT mode.
2024-02-05 15:21:37.738 [main] INFO  org.springframework.data.repository.config.RepositoryConfigurationDelegate - Finished Spring Data repository scanning in 121 ms. Found 7 JPA repository interfaces.
2024-02-05 15:21:38.890 [main] INFO  org.springframework.boot.web.embedded.tomcat.TomcatWebServer - Tomcat initialized with port 9090 (http)
2024-02-05 15:21:38.916 [main] INFO  org.apache.coyote.http11.Http11NioProtocol - Initializing ProtocolHandler ["http-nio-9090"]
2024-02-05 15:21:38.923 [main] INFO  org.apache.catalina.core.StandardService - Starting service [Tomcat]
2024-02-05 15:21:38.924 [main] INFO  org.apache.catalina.core.StandardEngine - Starting Servlet engine: [Apache Tomcat/10.1.18]
2024-02-05 15:21:39.054 [main] INFO  org.apache.catalina.core.ContainerBase.[Tomcat].[localhost].[/] - Initializing Spring embedded WebApplicationContext
2024-02-05 15:21:39.061 [main] INFO  org.springframework.boot.web.servlet.context.ServletWebServerApplicationContext - Root WebApplicationContext: initialization completed in 2538 ms
2024-02-05 15:21:39.402 [main] INFO  org.hibernate.jpa.internal.util.LogHelper - HHH000204: Processing PersistenceUnitInfo [name: default]
2024-02-05 15:21:39.550 [main] INFO  org.hibernate.Version - HHH000412: Hibernate ORM core version 6.4.1.Final
2024-02-05 15:21:39.635 [main] INFO  org.hibernate.cache.internal.RegionFactoryInitiator - HHH000026: Second-level cache disabled
2024-02-05 15:21:40.097 [main] INFO  org.springframework.orm.jpa.persistenceunit.SpringPersistenceUnitInfo - No LoadTimeWeaver setup: ignoring JPA class transformer
2024-02-05 15:21:40.158 [main] INFO  com.zaxxer.hikari.HikariDataSource - HikariPool-1 - Starting...
2024-02-05 15:21:40.681 [main] INFO  com.zaxxer.hikari.pool.HikariPool - HikariPool-1 - Added connection com.mysql.cj.jdbc.ConnectionImpl@4fafd27e
2024-02-05 15:21:40.685 [main] INFO  com.zaxxer.hikari.HikariDataSource - HikariPool-1 - Start completed.
2024-02-05 15:21:42.285 [main] INFO  org.hibernate.engine.transaction.jta.platform.internal.JtaPlatformInitiator - HHH000489: No JTA platform available (set 'hibernate.transaction.jta.platform' to enable JTA platform integration)
2024-02-05 15:21:42.461 [main] INFO  org.springframework.orm.jpa.LocalContainerEntityManagerFactoryBean - Initialized JPA EntityManagerFactory for persistence unit 'default'
2024-02-05 15:21:42.945 [main] INFO  org.springframework.data.jpa.repository.query.QueryEnhancerFactory - Hibernate is in classpath; If applicable, HQL parser will be used.
2024-02-05 15:21:43.523 [main] WARN  org.springframework.boot.autoconfigure.orm.jpa.JpaBaseConfiguration$JpaWebConfiguration - spring.jpa.open-in-view is enabled by default. Therefore, database queries may be performed during view rendering. Explicitly configure spring.jpa.open-in-view to disable this warning
2024-02-05 15:21:44.293 [main] INFO  org.apache.coyote.http11.Http11NioProtocol - Starting ProtocolHandler ["http-nio-9090"]
2024-02-05 15:21:44.342 [main] INFO  org.springframework.boot.web.embedded.tomcat.TomcatWebServer - Tomcat started on port 9090 (http) with context path ''
2024-02-05 15:21:44.361 [main] INFO  it.fides.val_training_spring.ValTrainingSpringApplication - Started ValTrainingSpringApplication in 8.65 seconds (process running for 10.122)
2024-02-05 15:21:52.851 [http-nio-9090-exec-2] INFO  org.apache.catalina.core.ContainerBase.[Tomcat].[localhost].[/] - Initializing Spring DispatcherServlet 'dispatcherServlet'
2024-02-05 15:21:52.852 [http-nio-9090-exec-2] INFO  org.springframework.web.servlet.DispatcherServlet - Initializing Servlet 'dispatcherServlet'
2024-02-05 15:21:52.854 [http-nio-9090-exec-2] INFO  org.springframework.web.servlet.DispatcherServlet - Completed initialization in 1 ms
2024-02-05 15:21:53.185 [http-nio-9090-exec-2] INFO  it.fides.val_training_spring.models.entities.UtenteEntity - Utenti: [UtenteEntity [idUtente=1, nomeUtente=mario, cognomeUtente=rossi, emailUtente=mario@mail.it, passwordUtente=1234, informazioniGeneraliUtente=info, dataCreazioneUtente=2024-02-05T11:30, dataModificaUtente=2024-02-05T11:30, flgCancellato=false, ruolo=RuoloEntity [idRuolo=1, nomeRuolo=dipendente], gruppi=[]]]
2024-02-05 15:22:01.231 [http-nio-9090-exec-3] ERROR org.apache.catalina.core.ContainerBase.[Tomcat].[localhost].[/].[dispatcherServlet] - Servlet.service() for servlet [dispatcherServlet] in context with path [] threw exception [Request processing failed: org.springframework.dao.InvalidDataAccessApiUsageException: The given id must not be null] with root cause
java.lang.IllegalArgumentException: The given id must not be null
	at org.springframework.util.Assert.notNull(Assert.java:172) ~[spring-core-6.1.3.jar:6.1.3]
	at org.springframework.data.jpa.repository.support.SimpleJpaRepository.findById(SimpleJpaRepository.java:302) ~[spring-data-jpa-3.2.2.jar:3.2.2]
	at java.base/jdk.internal.reflect.NativeMethodAccessorImpl.invoke0(Native Method) ~[?:?]
	at java.base/jdk.internal.reflect.NativeMethodAccessorImpl.invoke(NativeMethodAccessorImpl.java:77) ~[?:?]
	at java.base/jdk.internal.reflect.DelegatingMethodAccessorImpl.invoke(DelegatingMethodAccessorImpl.java:43) ~[?:?]
	at java.base/java.lang.reflect.Method.invoke(Method.java:568) ~[?:?]
	at org.springframework.aop.support.AopUtils.invokeJoinpointUsingReflection(AopUtils.java:351) ~[spring-aop-6.1.3.jar:6.1.3]
	at org.springframework.data.repository.core.support.RepositoryMethodInvoker$RepositoryFragmentMethodInvoker.lambda$new$0(RepositoryMethodInvoker.java:277) ~[spring-data-commons-3.2.2.jar:3.2.2]
	at org.springframework.data.repository.core.support.RepositoryMethodInvoker.doInvoke(RepositoryMethodInvoker.java:170) ~[spring-data-commons-3.2.2.jar:3.2.2]
	at org.springframework.data.repository.core.support.RepositoryMethodInvoker.invoke(RepositoryMethodInvoker.java:158) ~[spring-data-commons-3.2.2.jar:3.2.2]
	at org.springframework.data.repository.core.support.RepositoryComposition$RepositoryFragments.invoke(RepositoryComposition.java:516) ~[spring-data-commons-3.2.2.jar:3.2.2]
	at org.springframework.data.repository.core.support.RepositoryComposition.invoke(RepositoryComposition.java:285) ~[spring-data-commons-3.2.2.jar:3.2.2]
	at org.springframework.data.repository.core.support.RepositoryFactorySupport$ImplementationMethodExecutionInterceptor.invoke(RepositoryFactorySupport.java:628) ~[spring-data-commons-3.2.2.jar:3.2.2]
	at org.springframework.aop.framework.ReflectiveMethodInvocation.proceed(ReflectiveMethodInvocation.java:184) ~[spring-aop-6.1.3.jar:6.1.3]
	at org.springframework.data.repository.core.support.QueryExecutorMethodInterceptor.doInvoke(QueryExecutorMethodInterceptor.java:168) ~[spring-data-commons-3.2.2.jar:3.2.2]
	at org.springframework.data.repository.core.support.QueryExecutorMethodInterceptor.invoke(QueryExecutorMethodInterceptor.java:143) ~[spring-data-commons-3.2.2.jar:3.2.2]
	at org.springframework.aop.framework.ReflectiveMethodInvocation.proceed(ReflectiveMethodInvocation.java:184) ~[spring-aop-6.1.3.jar:6.1.3]
	at org.springframework.data.projection.DefaultMethodInvokingMethodInterceptor.invoke(DefaultMethodInvokingMethodInterceptor.java:70) ~[spring-data-commons-3.2.2.jar:3.2.2]
	at org.springframework.aop.framework.ReflectiveMethodInvocation.proceed(ReflectiveMethodInvocation.java:184) ~[spring-aop-6.1.3.jar:6.1.3]
	at org.springframework.transaction.interceptor.TransactionInterceptor$1.proceedWithInvocation(TransactionInterceptor.java:123) ~[spring-tx-6.1.3.jar:6.1.3]
	at org.springframework.transaction.interceptor.TransactionAspectSupport.invokeWithinTransaction(TransactionAspectSupport.java:385) ~[spring-tx-6.1.3.jar:6.1.3]
	at org.springframework.transaction.interceptor.TransactionInterceptor.invoke(TransactionInterceptor.java:119) ~[spring-tx-6.1.3.jar:6.1.3]
	at org.springframework.aop.framework.ReflectiveMethodInvocation.proceed(ReflectiveMethodInvocation.java:184) ~[spring-aop-6.1.3.jar:6.1.3]
	at org.springframework.dao.support.PersistenceExceptionTranslationInterceptor.invoke(PersistenceExceptionTranslationInterceptor.java:137) ~[spring-tx-6.1.3.jar:6.1.3]
	at org.springframework.aop.framework.ReflectiveMethodInvocation.proceed(ReflectiveMethodInvocation.java:184) ~[spring-aop-6.1.3.jar:6.1.3]
	at org.springframework.data.jpa.repository.support.CrudMethodMetadataPostProcessor$CrudMethodMetadataPopulatingMethodInterceptor.invoke(CrudMethodMetadataPostProcessor.java:164) ~[spring-data-jpa-3.2.2.jar:3.2.2]
	at org.springframework.aop.framework.ReflectiveMethodInvocation.proceed(ReflectiveMethodInvocation.java:184) ~[spring-aop-6.1.3.jar:6.1.3]
	at org.springframework.aop.interceptor.ExposeInvocationInterceptor.invoke(ExposeInvocationInterceptor.java:97) ~[spring-aop-6.1.3.jar:6.1.3]
	at org.springframework.aop.framework.ReflectiveMethodInvocation.proceed(ReflectiveMethodInvocation.java:184) ~[spring-aop-6.1.3.jar:6.1.3]
	at org.springframework.aop.framework.JdkDynamicAopProxy.invoke(JdkDynamicAopProxy.java:220) ~[spring-aop-6.1.3.jar:6.1.3]
	at jdk.proxy2/jdk.proxy2.$Proxy130.findById(Unknown Source) ~[?:?]
	at it.fides.val_training_spring.services.UtenteService.getUtente(UtenteService.java:31) ~[classes/:?]
	at it.fides.val_training_spring.controllers.UtenteController.getUtente(UtenteController.java:25) ~[classes/:?]
	at java.base/jdk.internal.reflect.NativeMethodAccessorImpl.invoke0(Native Method) ~[?:?]
	at java.base/jdk.internal.reflect.NativeMethodAccessorImpl.invoke(NativeMethodAccessorImpl.java:77) ~[?:?]
	at java.base/jdk.internal.reflect.DelegatingMethodAccessorImpl.invoke(DelegatingMethodAccessorImpl.java:43) ~[?:?]
	at java.base/java.lang.reflect.Method.invoke(Method.java:568) ~[?:?]
	at org.springframework.web.method.support.InvocableHandlerMethod.doInvoke(InvocableHandlerMethod.java:261) ~[spring-web-6.1.3.jar:6.1.3]
	at org.springframework.web.method.support.InvocableHandlerMethod.invokeForRequest(InvocableHandlerMethod.java:189) ~[spring-web-6.1.3.jar:6.1.3]
	at org.springframework.web.servlet.mvc.method.annotation.ServletInvocableHandlerMethod.invokeAndHandle(ServletInvocableHandlerMethod.java:118) ~[spring-webmvc-6.1.3.jar:6.1.3]
	at org.springframework.web.servlet.mvc.method.annotation.RequestMappingHandlerAdapter.invokeHandlerMethod(RequestMappingHandlerAdapter.java:917) ~[spring-webmvc-6.1.3.jar:6.1.3]
	at org.springframework.web.servlet.mvc.method.annotation.RequestMappingHandlerAdapter.handleInternal(RequestMappingHandlerAdapter.java:829) ~[spring-webmvc-6.1.3.jar:6.1.3]
	at org.springframework.web.servlet.mvc.method.AbstractHandlerMethodAdapter.handle(AbstractHandlerMethodAdapter.java:87) ~[spring-webmvc-6.1.3.jar:6.1.3]
	at org.springframework.web.servlet.DispatcherServlet.doDispatch(DispatcherServlet.java:1089) ~[spring-webmvc-6.1.3.jar:6.1.3]
	at org.springframework.web.servlet.DispatcherServlet.doService(DispatcherServlet.java:979) ~[spring-webmvc-6.1.3.jar:6.1.3]
	at org.springframework.web.servlet.FrameworkServlet.processRequest(FrameworkServlet.java:1014) ~[spring-webmvc-6.1.3.jar:6.1.3]
	at org.springframework.web.servlet.FrameworkServlet.doGet(FrameworkServlet.java:903) ~[spring-webmvc-6.1.3.jar:6.1.3]
	at jakarta.servlet.http.HttpServlet.service(HttpServlet.java:564) ~[tomcat-embed-core-10.1.18.jar:6.0]
	at org.springframework.web.servlet.FrameworkServlet.service(FrameworkServlet.java:885) ~[spring-webmvc-6.1.3.jar:6.1.3]
	at jakarta.servlet.http.HttpServlet.service(HttpServlet.java:658) ~[tomcat-embed-core-10.1.18.jar:6.0]
	at org.apache.catalina.core.ApplicationFilterChain.internalDoFilter(ApplicationFilterChain.java:205) ~[tomcat-embed-core-10.1.18.jar:10.1.18]
	at org.apache.catalina.core.ApplicationFilterChain.doFilter(ApplicationFilterChain.java:149) ~[tomcat-embed-core-10.1.18.jar:10.1.18]
	at org.apache.tomcat.websocket.server.WsFilter.doFilter(WsFilter.java:51) ~[tomcat-embed-websocket-10.1.18.jar:10.1.18]
	at org.apache.catalina.core.ApplicationFilterChain.internalDoFilter(ApplicationFilterChain.java:174) ~[tomcat-embed-core-10.1.18.jar:10.1.18]
	at org.apache.catalina.core.ApplicationFilterChain.doFilter(ApplicationFilterChain.java:149) ~[tomcat-embed-core-10.1.18.jar:10.1.18]
	at org.springframework.web.filter.RequestContextFilter.doFilterInternal(RequestContextFilter.java:100) ~[spring-web-6.1.3.jar:6.1.3]
	at org.springframework.web.filter.OncePerRequestFilter.doFilter(OncePerRequestFilter.java:116) ~[spring-web-6.1.3.jar:6.1.3]
	at org.apache.catalina.core.ApplicationFilterChain.internalDoFilter(ApplicationFilterChain.java:174) ~[tomcat-embed-core-10.1.18.jar:10.1.18]
	at org.apache.catalina.core.ApplicationFilterChain.doFilter(ApplicationFilterChain.java:149) ~[tomcat-embed-core-10.1.18.jar:10.1.18]
	at org.springframework.web.filter.FormContentFilter.doFilterInternal(FormContentFilter.java:93) ~[spring-web-6.1.3.jar:6.1.3]
	at org.springframework.web.filter.OncePerRequestFilter.doFilter(OncePerRequestFilter.java:116) ~[spring-web-6.1.3.jar:6.1.3]
	at org.apache.catalina.core.ApplicationFilterChain.internalDoFilter(ApplicationFilterChain.java:174) ~[tomcat-embed-core-10.1.18.jar:10.1.18]
	at org.apache.catalina.core.ApplicationFilterChain.doFilter(ApplicationFilterChain.java:149) ~[tomcat-embed-core-10.1.18.jar:10.1.18]
	at org.springframework.web.filter.CharacterEncodingFilter.doFilterInternal(CharacterEncodingFilter.java:201) ~[spring-web-6.1.3.jar:6.1.3]
	at org.springframework.web.filter.OncePerRequestFilter.doFilter(OncePerRequestFilter.java:116) ~[spring-web-6.1.3.jar:6.1.3]
	at org.apache.catalina.core.ApplicationFilterChain.internalDoFilter(ApplicationFilterChain.java:174) ~[tomcat-embed-core-10.1.18.jar:10.1.18]
	at org.apache.catalina.core.ApplicationFilterChain.doFilter(ApplicationFilterChain.java:149) ~[tomcat-embed-core-10.1.18.jar:10.1.18]
	at org.apache.catalina.core.StandardWrapperValve.invoke(StandardWrapperValve.java:167) [tomcat-embed-core-10.1.18.jar:10.1.18]
	at org.apache.catalina.core.StandardContextValve.invoke(StandardContextValve.java:90) [tomcat-embed-core-10.1.18.jar:10.1.18]
	at org.apache.catalina.authenticator.AuthenticatorBase.invoke(AuthenticatorBase.java:482) [tomcat-embed-core-10.1.18.jar:10.1.18]
	at org.apache.catalina.core.StandardHostValve.invoke(StandardHostValve.java:115) [tomcat-embed-core-10.1.18.jar:10.1.18]
	at org.apache.catalina.valves.ErrorReportValve.invoke(ErrorReportValve.java:93) [tomcat-embed-core-10.1.18.jar:10.1.18]
	at org.apache.catalina.core.StandardEngineValve.invoke(StandardEngineValve.java:74) [tomcat-embed-core-10.1.18.jar:10.1.18]
	at org.apache.catalina.connector.CoyoteAdapter.service(CoyoteAdapter.java:340) [tomcat-embed-core-10.1.18.jar:10.1.18]
	at org.apache.coyote.http11.Http11Processor.service(Http11Processor.java:391) [tomcat-embed-core-10.1.18.jar:10.1.18]
	at org.apache.coyote.AbstractProcessorLight.process(AbstractProcessorLight.java:63) [tomcat-embed-core-10.1.18.jar:10.1.18]
	at org.apache.coyote.AbstractProtocol$ConnectionHandler.process(AbstractProtocol.java:896) [tomcat-embed-core-10.1.18.jar:10.1.18]
	at org.apache.tomcat.util.net.NioEndpoint$SocketProcessor.doRun(NioEndpoint.java:1744) [tomcat-embed-core-10.1.18.jar:10.1.18]
	at org.apache.tomcat.util.net.SocketProcessorBase.run(SocketProcessorBase.java:52) [tomcat-embed-core-10.1.18.jar:10.1.18]
	at org.apache.tomcat.util.threads.ThreadPoolExecutor.runWorker(ThreadPoolExecutor.java:1191) [tomcat-embed-core-10.1.18.jar:10.1.18]
	at org.apache.tomcat.util.threads.ThreadPoolExecutor$Worker.run(ThreadPoolExecutor.java:659) [tomcat-embed-core-10.1.18.jar:10.1.18]
	at org.apache.tomcat.util.threads.TaskThread$WrappingRunnable.run(TaskThread.java:61) [tomcat-embed-core-10.1.18.jar:10.1.18]
	at java.base/java.lang.Thread.run(Thread.java:840) [?:?]
2024-02-05 15:24:46.785 [main] INFO  org.springframework.test.context.support.AnnotationConfigContextLoaderUtils - Could not detect default configuration classes for test class [it.fides.val_training_spring.ValTrainingSpringApplicationTests]: ValTrainingSpringApplicationTests does not declare any static, non-private, non-final, nested classes annotated with @Configuration.
2024-02-05 15:24:46.977 [main] INFO  org.springframework.boot.test.context.SpringBootTestContextBootstrapper - Found @SpringBootConfiguration it.fides.val_training_spring.ValTrainingSpringApplication for test class it.fides.val_training_spring.ValTrainingSpringApplicationTests
2024-02-05 15:24:47.654 [main] INFO  it.fides.val_training_spring.ValTrainingSpringApplicationTests - Starting ValTrainingSpringApplicationTests using Java 17.0.10 with PID 7428 (started by tommi in C:\Users\tommi\Documents\val_training_spring)
2024-02-05 15:24:47.665 [main] INFO  it.fides.val_training_spring.ValTrainingSpringApplicationTests - No active profile set, falling back to 1 default profile: "default"
2024-02-05 15:24:48.751 [main] INFO  org.springframework.data.repository.config.RepositoryConfigurationDelegate - Bootstrapping Spring Data JPA repositories in DEFAULT mode.
2024-02-05 15:24:48.920 [main] INFO  org.springframework.data.repository.config.RepositoryConfigurationDelegate - Finished Spring Data repository scanning in 139 ms. Found 7 JPA repository interfaces.
2024-02-05 15:24:49.920 [main] INFO  org.hibernate.jpa.internal.util.LogHelper - HHH000204: Processing PersistenceUnitInfo [name: default]
2024-02-05 15:24:50.065 [main] INFO  org.hibernate.Version - HHH000412: Hibernate ORM core version 6.4.1.Final
2024-02-05 15:24:50.161 [main] INFO  org.hibernate.cache.internal.RegionFactoryInitiator - HHH000026: Second-level cache disabled
2024-02-05 15:24:50.644 [main] INFO  org.springframework.orm.jpa.persistenceunit.SpringPersistenceUnitInfo - No LoadTimeWeaver setup: ignoring JPA class transformer
2024-02-05 15:24:50.713 [main] INFO  com.zaxxer.hikari.HikariDataSource - HikariPool-1 - Starting...
2024-02-05 15:24:51.328 [main] INFO  com.zaxxer.hikari.pool.HikariPool - HikariPool-1 - Added connection com.mysql.cj.jdbc.ConnectionImpl@4df7b4ac
2024-02-05 15:24:51.333 [main] INFO  com.zaxxer.hikari.HikariDataSource - HikariPool-1 - Start completed.
2024-02-05 15:24:53.217 [main] INFO  org.hibernate.engine.transaction.jta.platform.internal.JtaPlatformInitiator - HHH000489: No JTA platform available (set 'hibernate.transaction.jta.platform' to enable JTA platform integration)
2024-02-05 15:24:53.392 [main] INFO  org.springframework.orm.jpa.LocalContainerEntityManagerFactoryBean - Initialized JPA EntityManagerFactory for persistence unit 'default'
2024-02-05 15:24:54.014 [main] INFO  org.springframework.data.jpa.repository.query.QueryEnhancerFactory - Hibernate is in classpath; If applicable, HQL parser will be used.
2024-02-05 15:24:54.869 [main] WARN  org.springframework.boot.autoconfigure.orm.jpa.JpaBaseConfiguration$JpaWebConfiguration - spring.jpa.open-in-view is enabled by default. Therefore, database queries may be performed during view rendering. Explicitly configure spring.jpa.open-in-view to disable this warning
2024-02-05 15:24:56.128 [main] INFO  it.fides.val_training_spring.ValTrainingSpringApplicationTests - Started ValTrainingSpringApplicationTests in 8.895 seconds (process running for 11.435)
2024-02-05 15:24:57.287 [SpringApplicationShutdownHook] INFO  org.springframework.orm.jpa.LocalContainerEntityManagerFactoryBean - Closing JPA EntityManagerFactory for persistence unit 'default'
2024-02-05 15:24:57.291 [SpringApplicationShutdownHook] INFO  com.zaxxer.hikari.HikariDataSource - HikariPool-1 - Shutdown initiated...
2024-02-05 15:24:57.312 [SpringApplicationShutdownHook] INFO  com.zaxxer.hikari.HikariDataSource - HikariPool-1 - Shutdown completed.
2024-02-05 15:24:58.152 [main] INFO  it.fides.val_training_spring.ValTrainingSpringApplication - Starting ValTrainingSpringApplication using Java 17.0.10 with PID 5208 (C:\Users\tommi\Documents\val_training_spring\target\classes started by tommi in C:\Users\tommi\Documents\val_training_spring)
2024-02-05 15:24:58.177 [main] INFO  it.fides.val_training_spring.ValTrainingSpringApplication - No active profile set, falling back to 1 default profile: "default"
2024-02-05 15:24:59.466 [main] INFO  org.springframework.data.repository.config.RepositoryConfigurationDelegate - Bootstrapping Spring Data JPA repositories in DEFAULT mode.
2024-02-05 15:24:59.651 [main] INFO  org.springframework.data.repository.config.RepositoryConfigurationDelegate - Finished Spring Data repository scanning in 152 ms. Found 7 JPA repository interfaces.
2024-02-05 15:25:01.061 [main] INFO  org.springframework.boot.web.embedded.tomcat.TomcatWebServer - Tomcat initialized with port 9090 (http)
2024-02-05 15:25:01.092 [main] INFO  org.apache.coyote.http11.Http11NioProtocol - Initializing ProtocolHandler ["http-nio-9090"]
2024-02-05 15:25:01.101 [main] INFO  org.apache.catalina.core.StandardService - Starting service [Tomcat]
2024-02-05 15:25:01.102 [main] INFO  org.apache.catalina.core.StandardEngine - Starting Servlet engine: [Apache Tomcat/10.1.18]
2024-02-05 15:25:01.235 [main] INFO  org.apache.catalina.core.ContainerBase.[Tomcat].[localhost].[/] - Initializing Spring embedded WebApplicationContext
2024-02-05 15:25:01.242 [main] INFO  org.springframework.boot.web.servlet.context.ServletWebServerApplicationContext - Root WebApplicationContext: initialization completed in 2935 ms
2024-02-05 15:25:01.574 [main] INFO  org.hibernate.jpa.internal.util.LogHelper - HHH000204: Processing PersistenceUnitInfo [name: default]
2024-02-05 15:25:01.713 [main] INFO  org.hibernate.Version - HHH000412: Hibernate ORM core version 6.4.1.Final
2024-02-05 15:25:01.789 [main] INFO  org.hibernate.cache.internal.RegionFactoryInitiator - HHH000026: Second-level cache disabled
2024-02-05 15:25:02.274 [main] INFO  org.springframework.orm.jpa.persistenceunit.SpringPersistenceUnitInfo - No LoadTimeWeaver setup: ignoring JPA class transformer
2024-02-05 15:25:02.333 [main] INFO  com.zaxxer.hikari.HikariDataSource - HikariPool-1 - Starting...
2024-02-05 15:25:02.847 [main] INFO  com.zaxxer.hikari.pool.HikariPool - HikariPool-1 - Added connection com.mysql.cj.jdbc.ConnectionImpl@3a3316b6
2024-02-05 15:25:02.848 [main] INFO  com.zaxxer.hikari.HikariDataSource - HikariPool-1 - Start completed.
2024-02-05 15:25:04.468 [main] INFO  org.hibernate.engine.transaction.jta.platform.internal.JtaPlatformInitiator - HHH000489: No JTA platform available (set 'hibernate.transaction.jta.platform' to enable JTA platform integration)
2024-02-05 15:25:04.647 [main] INFO  org.springframework.orm.jpa.LocalContainerEntityManagerFactoryBean - Initialized JPA EntityManagerFactory for persistence unit 'default'
2024-02-05 15:25:05.155 [main] INFO  org.springframework.data.jpa.repository.query.QueryEnhancerFactory - Hibernate is in classpath; If applicable, HQL parser will be used.
2024-02-05 15:25:05.801 [main] WARN  org.springframework.boot.autoconfigure.orm.jpa.JpaBaseConfiguration$JpaWebConfiguration - spring.jpa.open-in-view is enabled by default. Therefore, database queries may be performed during view rendering. Explicitly configure spring.jpa.open-in-view to disable this warning
2024-02-05 15:25:06.593 [main] INFO  org.apache.coyote.http11.Http11NioProtocol - Starting ProtocolHandler ["http-nio-9090"]
2024-02-05 15:25:06.633 [main] INFO  org.springframework.boot.web.embedded.tomcat.TomcatWebServer - Tomcat started on port 9090 (http) with context path ''
2024-02-05 15:25:06.652 [main] INFO  it.fides.val_training_spring.ValTrainingSpringApplication - Started ValTrainingSpringApplication in 9.279 seconds (process running for 11.029)
2024-02-05 15:25:11.626 [http-nio-9090-exec-2] INFO  org.apache.catalina.core.ContainerBase.[Tomcat].[localhost].[/] - Initializing Spring DispatcherServlet 'dispatcherServlet'
2024-02-05 15:25:11.626 [http-nio-9090-exec-2] INFO  org.springframework.web.servlet.DispatcherServlet - Initializing Servlet 'dispatcherServlet'
2024-02-05 15:25:11.628 [http-nio-9090-exec-2] INFO  org.springframework.web.servlet.DispatcherServlet - Completed initialization in 2 ms
2024-02-05 15:25:11.839 [http-nio-9090-exec-2] INFO  it.fides.val_training_spring.models.entities.UtenteEntity - Utente: UtenteEntity [idUtente=1, nomeUtente=mario, cognomeUtente=rossi, emailUtente=mario@mail.it, passwordUtente=1234, informazioniGeneraliUtente=info, dataCreazioneUtente=2024-02-05T11:30, dataModificaUtente=2024-02-05T11:30, flgCancellato=false, ruolo=RuoloEntity [idRuolo=1, nomeRuolo=dipendente], gruppi=[]]
2024-02-05 16:06:22.567 [main] INFO  org.springframework.test.context.support.AnnotationConfigContextLoaderUtils - Could not detect default configuration classes for test class [it.fides.val_training_spring.ValTrainingSpringApplicationTests]: ValTrainingSpringApplicationTests does not declare any static, non-private, non-final, nested classes annotated with @Configuration.
2024-02-05 16:06:22.739 [main] INFO  org.springframework.boot.test.context.SpringBootTestContextBootstrapper - Found @SpringBootConfiguration it.fides.val_training_spring.ValTrainingSpringApplication for test class it.fides.val_training_spring.ValTrainingSpringApplicationTests
2024-02-05 16:06:23.275 [main] INFO  it.fides.val_training_spring.ValTrainingSpringApplicationTests - Starting ValTrainingSpringApplicationTests using Java 17.0.10 with PID 15092 (started by tommi in C:\Users\tommi\Documents\val_training_spring)
2024-02-05 16:06:23.282 [main] INFO  it.fides.val_training_spring.ValTrainingSpringApplicationTests - No active profile set, falling back to 1 default profile: "default"
2024-02-05 16:06:24.362 [main] INFO  org.springframework.data.repository.config.RepositoryConfigurationDelegate - Bootstrapping Spring Data JPA repositories in DEFAULT mode.
2024-02-05 16:06:24.473 [main] INFO  org.springframework.data.repository.config.RepositoryConfigurationDelegate - Finished Spring Data repository scanning in 99 ms. Found 7 JPA repository interfaces.
2024-02-05 16:06:25.393 [main] INFO  org.hibernate.jpa.internal.util.LogHelper - HHH000204: Processing PersistenceUnitInfo [name: default]
2024-02-05 16:06:25.544 [main] INFO  org.hibernate.Version - HHH000412: Hibernate ORM core version 6.4.1.Final
2024-02-05 16:06:25.638 [main] INFO  org.hibernate.cache.internal.RegionFactoryInitiator - HHH000026: Second-level cache disabled
2024-02-05 16:06:26.263 [main] INFO  org.springframework.orm.jpa.persistenceunit.SpringPersistenceUnitInfo - No LoadTimeWeaver setup: ignoring JPA class transformer
2024-02-05 16:06:26.331 [main] INFO  com.zaxxer.hikari.HikariDataSource - HikariPool-1 - Starting...
2024-02-05 16:06:26.855 [main] INFO  com.zaxxer.hikari.pool.HikariPool - HikariPool-1 - Added connection com.mysql.cj.jdbc.ConnectionImpl@61836cd9
2024-02-05 16:06:26.860 [main] INFO  com.zaxxer.hikari.HikariDataSource - HikariPool-1 - Start completed.
2024-02-05 16:06:28.576 [main] INFO  org.hibernate.engine.transaction.jta.platform.internal.JtaPlatformInitiator - HHH000489: No JTA platform available (set 'hibernate.transaction.jta.platform' to enable JTA platform integration)
2024-02-05 16:06:28.759 [main] INFO  org.springframework.orm.jpa.LocalContainerEntityManagerFactoryBean - Initialized JPA EntityManagerFactory for persistence unit 'default'
2024-02-05 16:06:29.282 [main] INFO  org.springframework.data.jpa.repository.query.QueryEnhancerFactory - Hibernate is in classpath; If applicable, HQL parser will be used.
2024-02-05 16:06:30.178 [main] WARN  org.springframework.boot.autoconfigure.orm.jpa.JpaBaseConfiguration$JpaWebConfiguration - spring.jpa.open-in-view is enabled by default. Therefore, database queries may be performed during view rendering. Explicitly configure spring.jpa.open-in-view to disable this warning
2024-02-05 16:06:31.072 [main] INFO  it.fides.val_training_spring.ValTrainingSpringApplicationTests - Started ValTrainingSpringApplicationTests in 8.107 seconds (process running for 10.178)
2024-02-05 16:06:31.996 [SpringApplicationShutdownHook] INFO  org.springframework.orm.jpa.LocalContainerEntityManagerFactoryBean - Closing JPA EntityManagerFactory for persistence unit 'default'
2024-02-05 16:06:32.000 [SpringApplicationShutdownHook] INFO  com.zaxxer.hikari.HikariDataSource - HikariPool-1 - Shutdown initiated...
2024-02-05 16:06:32.019 [SpringApplicationShutdownHook] INFO  com.zaxxer.hikari.HikariDataSource - HikariPool-1 - Shutdown completed.
2024-02-05 16:06:41.091 [main] INFO  it.fides.val_training_spring.ValTrainingSpringApplication - Starting ValTrainingSpringApplication using Java 17.0.10 with PID 5756 (C:\Users\tommi\Documents\val_training_spring\target\classes started by tommi in C:\Users\tommi\Documents\val_training_spring)
2024-02-05 16:06:41.110 [main] INFO  it.fides.val_training_spring.ValTrainingSpringApplication - No active profile set, falling back to 1 default profile: "default"
2024-02-05 16:06:42.248 [main] INFO  org.springframework.data.repository.config.RepositoryConfigurationDelegate - Bootstrapping Spring Data JPA repositories in DEFAULT mode.
2024-02-05 16:06:42.412 [main] INFO  org.springframework.data.repository.config.RepositoryConfigurationDelegate - Finished Spring Data repository scanning in 142 ms. Found 7 JPA repository interfaces.
2024-02-05 16:06:43.500 [main] INFO  org.springframework.boot.web.embedded.tomcat.TomcatWebServer - Tomcat initialized with port 9090 (http)
2024-02-05 16:06:43.534 [main] INFO  org.apache.coyote.http11.Http11NioProtocol - Initializing ProtocolHandler ["http-nio-9090"]
2024-02-05 16:06:43.538 [main] INFO  org.apache.catalina.core.StandardService - Starting service [Tomcat]
2024-02-05 16:06:43.538 [main] INFO  org.apache.catalina.core.StandardEngine - Starting Servlet engine: [Apache Tomcat/10.1.18]
2024-02-05 16:06:43.664 [main] INFO  org.apache.catalina.core.ContainerBase.[Tomcat].[localhost].[/] - Initializing Spring embedded WebApplicationContext
2024-02-05 16:06:43.668 [main] INFO  org.springframework.boot.web.servlet.context.ServletWebServerApplicationContext - Root WebApplicationContext: initialization completed in 2472 ms
2024-02-05 16:06:43.993 [main] INFO  org.hibernate.jpa.internal.util.LogHelper - HHH000204: Processing PersistenceUnitInfo [name: default]
2024-02-05 16:06:44.134 [main] INFO  org.hibernate.Version - HHH000412: Hibernate ORM core version 6.4.1.Final
2024-02-05 16:06:44.224 [main] INFO  org.hibernate.cache.internal.RegionFactoryInitiator - HHH000026: Second-level cache disabled
2024-02-05 16:06:44.769 [main] INFO  org.springframework.orm.jpa.persistenceunit.SpringPersistenceUnitInfo - No LoadTimeWeaver setup: ignoring JPA class transformer
2024-02-05 16:06:44.826 [main] INFO  com.zaxxer.hikari.HikariDataSource - HikariPool-1 - Starting...
2024-02-05 16:06:45.314 [main] INFO  com.zaxxer.hikari.pool.HikariPool - HikariPool-1 - Added connection com.mysql.cj.jdbc.ConnectionImpl@65e05005
2024-02-05 16:06:45.318 [main] INFO  com.zaxxer.hikari.HikariDataSource - HikariPool-1 - Start completed.
2024-02-05 16:06:46.873 [main] INFO  org.hibernate.engine.transaction.jta.platform.internal.JtaPlatformInitiator - HHH000489: No JTA platform available (set 'hibernate.transaction.jta.platform' to enable JTA platform integration)
2024-02-05 16:06:47.049 [main] INFO  org.springframework.orm.jpa.LocalContainerEntityManagerFactoryBean - Initialized JPA EntityManagerFactory for persistence unit 'default'
2024-02-05 16:06:47.552 [main] INFO  org.springframework.data.jpa.repository.query.QueryEnhancerFactory - Hibernate is in classpath; If applicable, HQL parser will be used.
2024-02-05 16:06:48.193 [main] WARN  org.springframework.boot.autoconfigure.orm.jpa.JpaBaseConfiguration$JpaWebConfiguration - spring.jpa.open-in-view is enabled by default. Therefore, database queries may be performed during view rendering. Explicitly configure spring.jpa.open-in-view to disable this warning
2024-02-05 16:06:48.935 [main] INFO  org.apache.coyote.http11.Http11NioProtocol - Starting ProtocolHandler ["http-nio-9090"]
2024-02-05 16:06:48.979 [main] INFO  org.springframework.boot.web.embedded.tomcat.TomcatWebServer - Tomcat started on port 9090 (http) with context path ''
2024-02-05 16:06:48.996 [main] INFO  it.fides.val_training_spring.ValTrainingSpringApplication - Started ValTrainingSpringApplication in 8.519 seconds (process running for 9.837)
2024-02-05 16:07:01.529 [http-nio-9090-exec-1] INFO  org.apache.catalina.core.ContainerBase.[Tomcat].[localhost].[/] - Initializing Spring DispatcherServlet 'dispatcherServlet'
2024-02-05 16:07:01.529 [http-nio-9090-exec-1] INFO  org.springframework.web.servlet.DispatcherServlet - Initializing Servlet 'dispatcherServlet'
2024-02-05 16:07:01.531 [http-nio-9090-exec-1] INFO  org.springframework.web.servlet.DispatcherServlet - Completed initialization in 2 ms
2024-02-05 16:07:02.146 [http-nio-9090-exec-1] INFO  it.fides.val_training_spring.models.entities.UtenteEntity - Utente: UtenteEntity [idUtente=2, nomeUtente=luigi, cognomeUtente=bianchi, emailUtente=luigi@mail.it, passwordUtente=1234, informazioniGeneraliUtente=info, dataCreazioneUtente=2024-02-05T11:30, dataModificaUtente=2024-02-05T11:30, flgCancellato=false, ruolo=RuoloEntity [idRuolo=1, nomeRuolo=dipendente], gruppi=[]]
2024-02-05 16:07:57.867 [http-nio-9090-exec-3] INFO  it.fides.val_training_spring.models.entities.UtenteEntity - Utente: UtenteEntity [idUtente=3, nomeUtente=ciccio, cognomeUtente=verdi, emailUtente=ciccio@mail.it, passwordUtente=1234, informazioniGeneraliUtente=info, dataCreazioneUtente=2024-02-05T11:30, dataModificaUtente=2024-02-05T11:30, flgCancellato=false, ruolo=RuoloEntity [idRuolo=1, nomeRuolo=dipendente], gruppi=[]]
