2024-feb-05 14:31:29 [main] INFO  o.s.t.c.s.AnnotationConfigContextLoaderUtils       - Could not detect default configuration classes for test class [it.fides.val_training_spring.ValTrainingSpringApplicationTests]: ValTrainingSpringApplicationTests does not declare any static, non-private, non-final, nested classes annotated with @Configuration.
2024-feb-05 14:31:29 [main] INFO  o.s.b.t.c.SpringBootTestContextBootstrapper        - Found @SpringBootConfiguration it.fides.val_training_spring.ValTrainingSpringApplication for test class it.fides.val_training_spring.ValTrainingSpringApplicationTests
2024-feb-05 14:31:30 [main] INFO  i.f.v.ValTrainingSpringApplicationTests            - Starting ValTrainingSpringApplicationTests using Java 17.0.9 with PID 24248 (started by al3ss in C:\Users\al3ss\Documents\val_training_spring)
2024-feb-05 14:31:30 [main] INFO  i.f.v.ValTrainingSpringApplicationTests            - No active profile set, falling back to 1 default profile: "default"
2024-feb-05 14:31:30 [main] INFO  o.s.d.r.c.RepositoryConfigurationDelegate          - Bootstrapping Spring Data JPA repositories in DEFAULT mode.
2024-feb-05 14:31:30 [main] INFO  o.s.d.r.c.RepositoryConfigurationDelegate          - Finished Spring Data repository scanning in 58 ms. Found 7 JPA repository interfaces.
2024-feb-05 14:31:31 [main] INFO  o.h.j.i.u.LogHelper                                - HHH000204: Processing PersistenceUnitInfo [name: default]
2024-feb-05 14:31:31 [main] INFO  o.h.Version                                        - HHH000412: Hibernate ORM core version 6.4.1.Final
2024-feb-05 14:31:31 [main] INFO  o.h.c.i.RegionFactoryInitiator                     - HHH000026: Second-level cache disabled
2024-feb-05 14:31:31 [main] INFO  o.s.o.j.p.SpringPersistenceUnitInfo                - No LoadTimeWeaver setup: ignoring JPA class transformer
2024-feb-05 14:31:31 [main] INFO  c.z.h.HikariDataSource                             - HikariPool-1 - Starting...
2024-feb-05 14:31:31 [main] INFO  c.z.h.p.HikariPool                                 - HikariPool-1 - Added connection com.mysql.cj.jdbc.ConnectionImpl@283bb8b7
2024-feb-05 14:31:31 [main] INFO  c.z.h.HikariDataSource                             - HikariPool-1 - Start completed.
2024-feb-05 14:31:32 [main] INFO  o.h.e.t.j.p.i.JtaPlatformInitiator                 - HHH000489: No JTA platform available (set 'hibernate.transaction.jta.platform' to enable JTA platform integration)
2024-feb-05 14:31:32 [main] INFO  o.s.o.j.LocalContainerEntityManagerFactoryBean     - Initialized JPA EntityManagerFactory for persistence unit 'default'
2024-feb-05 14:31:33 [main] WARN  o.s.b.a.o.j.JpaBaseConfiguration$JpaWebConfiguration - spring.jpa.open-in-view is enabled by default. Therefore, database queries may be performed during view rendering. Explicitly configure spring.jpa.open-in-view to disable this warning
2024-feb-05 14:31:34 [main] INFO  i.f.v.ValTrainingSpringApplicationTests            - Started ValTrainingSpringApplicationTests in 4.328 seconds (process running for 5.383)
2024-feb-05 14:31:34 [SpringApplicationShutdownHook] INFO  o.s.o.j.LocalContainerEntityManagerFactoryBean     - Closing JPA EntityManagerFactory for persistence unit 'default'
2024-feb-05 14:31:34 [SpringApplicationShutdownHook] INFO  c.z.h.HikariDataSource                             - HikariPool-1 - Shutdown initiated...
2024-feb-05 14:31:34 [SpringApplicationShutdownHook] INFO  c.z.h.HikariDataSource                             - HikariPool-1 - Shutdown completed.
2024-feb-05 14:31:48 [main] INFO  i.f.v.ValTrainingSpringApplication                 - Starting ValTrainingSpringApplication using Java 17.0.9 with PID 15656 (C:\Users\al3ss\Documents\val_training_spring\target\classes started by al3ss in C:\Users\al3ss\Documents\val_training_spring)
2024-feb-05 14:31:48 [main] INFO  i.f.v.ValTrainingSpringApplication                 - No active profile set, falling back to 1 default profile: "default"
2024-feb-05 14:31:48 [main] INFO  o.s.d.r.c.RepositoryConfigurationDelegate          - Bootstrapping Spring Data JPA repositories in DEFAULT mode.
2024-feb-05 14:31:48 [main] INFO  o.s.d.r.c.RepositoryConfigurationDelegate          - Finished Spring Data repository scanning in 71 ms. Found 7 JPA repository interfaces.
2024-feb-05 14:31:49 [main] INFO  o.s.b.w.e.t.TomcatWebServer                        - Tomcat initialized with port 8081 (http)
2024-feb-05 14:31:49 [main] INFO  o.a.c.h.Http11NioProtocol                          - Initializing ProtocolHandler ["http-nio-8081"]
2024-feb-05 14:31:49 [main] INFO  o.a.c.c.StandardService                            - Starting service [Tomcat]
2024-feb-05 14:31:49 [main] INFO  o.a.c.c.StandardEngine                             - Starting Servlet engine: [Apache Tomcat/10.1.18]
2024-feb-05 14:31:49 [main] INFO  o.a.c.c.C.[.[.[/]                                  - Initializing Spring embedded WebApplicationContext
2024-feb-05 14:31:49 [main] INFO  o.s.b.w.s.c.ServletWebServerApplicationContext     - Root WebApplicationContext: initialization completed in 1372 ms
2024-feb-05 14:31:50 [main] INFO  o.h.j.i.u.LogHelper                                - HHH000204: Processing PersistenceUnitInfo [name: default]
2024-feb-05 14:31:50 [main] INFO  o.h.Version                                        - HHH000412: Hibernate ORM core version 6.4.1.Final
2024-feb-05 14:31:50 [main] INFO  o.h.c.i.RegionFactoryInitiator                     - HHH000026: Second-level cache disabled
2024-feb-05 14:31:50 [main] INFO  o.s.o.j.p.SpringPersistenceUnitInfo                - No LoadTimeWeaver setup: ignoring JPA class transformer
2024-feb-05 14:31:50 [main] INFO  c.z.h.HikariDataSource                             - HikariPool-1 - Starting...
2024-feb-05 14:31:50 [main] INFO  c.z.h.p.HikariPool                                 - HikariPool-1 - Added connection com.mysql.cj.jdbc.ConnectionImpl@16029e2f
2024-feb-05 14:31:50 [main] INFO  c.z.h.HikariDataSource                             - HikariPool-1 - Start completed.
2024-feb-05 14:31:51 [main] INFO  o.h.e.t.j.p.i.JtaPlatformInitiator                 - HHH000489: No JTA platform available (set 'hibernate.transaction.jta.platform' to enable JTA platform integration)
2024-feb-05 14:31:51 [main] INFO  o.s.o.j.LocalContainerEntityManagerFactoryBean     - Initialized JPA EntityManagerFactory for persistence unit 'default'
2024-feb-05 14:31:51 [main] WARN  o.s.b.a.o.j.JpaBaseConfiguration$JpaWebConfiguration - spring.jpa.open-in-view is enabled by default. Therefore, database queries may be performed during view rendering. Explicitly configure spring.jpa.open-in-view to disable this warning
2024-feb-05 14:31:52 [main] INFO  o.a.c.h.Http11NioProtocol                          - Starting ProtocolHandler ["http-nio-8081"]
2024-feb-05 14:31:52 [main] INFO  o.s.b.w.e.t.TomcatWebServer                        - Tomcat started on port 8081 (http) with context path ''
2024-feb-05 14:31:52 [main] INFO  i.f.v.ValTrainingSpringApplication                 - Started ValTrainingSpringApplication in 4.433 seconds (process running for 5.077)
2024-feb-05 14:31:56 [http-nio-8081-exec-1] INFO  o.a.c.c.C.[.[.[/]                                  - Initializing Spring DispatcherServlet 'dispatcherServlet'
2024-feb-05 14:31:56 [http-nio-8081-exec-1] INFO  o.s.w.s.DispatcherServlet                          - Initializing Servlet 'dispatcherServlet'
2024-feb-05 14:31:56 [http-nio-8081-exec-1] INFO  o.s.w.s.DispatcherServlet                          - Completed initialization in 1 ms
